{"C:\\Users\\vsarv\\Desktop\\project\\client\\src\\App.js": {"path":"C:\\Users\\vsarv\\Desktop\\project\\client\\src\\App.js","statementMap":{"0":{"start":{"line":8,"column":58},"end":{"line":8,"column":77}},"1":{"start":{"line":9,"column":16},"end":{"line":9,"column":32}},"2":{"start":{"line":11,"column":1},"end":{"line":19,"column":3}}},"fnMap":{"0":{"name":"App","decl":{"start":{"line":7,"column":9},"end":{"line":7,"column":12}},"loc":{"start":{"line":7,"column":15},"end":{"line":20,"column":1}},"line":7}},"branchMap":{"0":{"loc":{"start":{"line":16,"column":5},"end":{"line":16,"column":22}},"type":"binary-expr","locations":[{"start":{"line":16,"column":5},"end":{"line":16,"column":12}},{"start":{"line":16,"column":16},"end":{"line":16,"column":22}}],"line":16}},"s":{"0":0,"1":0,"2":0},"f":{"0":0},"b":{"0":[0,0]}}
,"C:\\Users\\vsarv\\Desktop\\project\\client\\src\\MockTheme.js": {"path":"C:\\Users\\vsarv\\Desktop\\project\\client\\src\\MockTheme.js","statementMap":{"0":{"start":{"line":7,"column":4},"end":{"line":7,"column":67}}},"fnMap":{"0":{"name":"MockTheme","decl":{"start":{"line":6,"column":9},"end":{"line":6,"column":18}},"loc":{"start":{"line":6,"column":33},"end":{"line":8,"column":1}},"line":6}},"branchMap":{},"s":{"0":2},"f":{"0":2},"b":{},"_coverageSchema":"1a1c01bbd47fc00a2c39e90264f33305004495a9","hash":"3f8a0a6bc10cf37f64146f61811c19d31f5b74a4"}
,"C:\\Users\\vsarv\\Desktop\\project\\client\\src\\Theme.js": {"path":"C:\\Users\\vsarv\\Desktop\\project\\client\\src\\Theme.js","statementMap":{"0":{"start":{"line":5,"column":21},"end":{"line":27,"column":2}}},"fnMap":{},"branchMap":{},"s":{"0":1},"f":{},"b":{},"_coverageSchema":"1a1c01bbd47fc00a2c39e90264f33305004495a9","hash":"194beaac097d216fa114ef43b667ff48f9eeeff4"}
,"C:\\Users\\vsarv\\Desktop\\project\\client\\src\\index.js": {"path":"C:\\Users\\vsarv\\Desktop\\project\\client\\src\\index.js","statementMap":{"0":{"start":{"line":13,"column":19},"end":{"line":23,"column":11}},"1":{"start":{"line":25,"column":0},"end":{"line":28,"column":2}},"2":{"start":{"line":33,"column":0},"end":{"line":33,"column":18}}},"fnMap":{},"branchMap":{},"s":{"0":0,"1":0,"2":0},"f":{},"b":{}}
,"C:\\Users\\vsarv\\Desktop\\project\\client\\src\\reportWebVitals.js": {"path":"C:\\Users\\vsarv\\Desktop\\project\\client\\src\\reportWebVitals.js","statementMap":{"0":{"start":{"line":1,"column":24},"end":{"line":11,"column":1}},"1":{"start":{"line":2,"column":2},"end":{"line":10,"column":3}},"2":{"start":{"line":3,"column":4},"end":{"line":9,"column":7}},"3":{"start":{"line":4,"column":6},"end":{"line":4,"column":26}},"4":{"start":{"line":5,"column":6},"end":{"line":5,"column":26}},"5":{"start":{"line":6,"column":6},"end":{"line":6,"column":26}},"6":{"start":{"line":7,"column":6},"end":{"line":7,"column":26}},"7":{"start":{"line":8,"column":6},"end":{"line":8,"column":27}}},"fnMap":{"0":{"name":"(anonymous_0)","decl":{"start":{"line":1,"column":24},"end":{"line":1,"column":25}},"loc":{"start":{"line":1,"column":39},"end":{"line":11,"column":1}},"line":1},"1":{"name":"(anonymous_1)","decl":{"start":{"line":3,"column":30},"end":{"line":3,"column":31}},"loc":{"start":{"line":3,"column":79},"end":{"line":9,"column":5}},"line":3}},"branchMap":{"0":{"loc":{"start":{"line":2,"column":2},"end":{"line":10,"column":3}},"type":"if","locations":[{"start":{"line":2,"column":2},"end":{"line":10,"column":3}},{"start":{"line":2,"column":2},"end":{"line":10,"column":3}}],"line":2},"1":{"loc":{"start":{"line":2,"column":6},"end":{"line":2,"column":52}},"type":"binary-expr","locations":[{"start":{"line":2,"column":6},"end":{"line":2,"column":17}},{"start":{"line":2,"column":21},"end":{"line":2,"column":52}}],"line":2}},"s":{"0":0,"1":0,"2":0,"3":0,"4":0,"5":0,"6":0,"7":0},"f":{"0":0,"1":0},"b":{"0":[0,0],"1":[0,0]}}
,"C:\\Users\\vsarv\\Desktop\\project\\client\\src\\API\\PATHS.js": {"path":"C:\\Users\\vsarv\\Desktop\\project\\client\\src\\API\\PATHS.js","statementMap":{"0":{"start":{"line":1,"column":21},"end":{"line":9,"column":1}}},"fnMap":{},"branchMap":{},"s":{"0":0},"f":{},"b":{}}
,"C:\\Users\\vsarv\\Desktop\\project\\client\\src\\API\\UserApi.js": {"path":"C:\\Users\\vsarv\\Desktop\\project\\client\\src\\API\\UserApi.js","statementMap":{"0":{"start":{"line":4,"column":71},"end":{"line":4,"column":76}},"1":{"start":{"line":7,"column":10},"end":{"line":7,"column":78}},"2":{"start":{"line":7,"column":22},"end":{"line":7,"column":78}},"3":{"start":{"line":8,"column":10},"end":{"line":8,"column":78}},"4":{"start":{"line":8,"column":22},"end":{"line":8,"column":78}},"5":{"start":{"line":9,"column":15},"end":{"line":9,"column":87}},"6":{"start":{"line":9,"column":26},"end":{"line":9,"column":87}},"7":{"start":{"line":10,"column":13},"end":{"line":10,"column":120}},"8":{"start":{"line":10,"column":32},"end":{"line":10,"column":120}},"9":{"start":{"line":11,"column":14},"end":{"line":11,"column":113}},"10":{"start":{"line":11,"column":33},"end":{"line":11,"column":113}},"11":{"start":{"line":12,"column":14},"end":{"line":12,"column":116}},"12":{"start":{"line":12,"column":33},"end":{"line":12,"column":116}},"13":{"start":{"line":13,"column":16},"end":{"line":13,"column":121}},"14":{"start":{"line":13,"column":34},"end":{"line":13,"column":121}}},"fnMap":{"0":{"name":"(anonymous_0)","decl":{"start":{"line":7,"column":10},"end":{"line":7,"column":11}},"loc":{"start":{"line":7,"column":22},"end":{"line":7,"column":78}},"line":7},"1":{"name":"(anonymous_1)","decl":{"start":{"line":8,"column":10},"end":{"line":8,"column":11}},"loc":{"start":{"line":8,"column":22},"end":{"line":8,"column":78}},"line":8},"2":{"name":"(anonymous_2)","decl":{"start":{"line":9,"column":15},"end":{"line":9,"column":16}},"loc":{"start":{"line":9,"column":26},"end":{"line":9,"column":87}},"line":9},"3":{"name":"(anonymous_3)","decl":{"start":{"line":10,"column":13},"end":{"line":10,"column":14}},"loc":{"start":{"line":10,"column":32},"end":{"line":10,"column":120}},"line":10},"4":{"name":"(anonymous_4)","decl":{"start":{"line":11,"column":14},"end":{"line":11,"column":15}},"loc":{"start":{"line":11,"column":33},"end":{"line":11,"column":113}},"line":11},"5":{"name":"(anonymous_5)","decl":{"start":{"line":12,"column":14},"end":{"line":12,"column":15}},"loc":{"start":{"line":12,"column":33},"end":{"line":12,"column":116}},"line":12},"6":{"name":"(anonymous_6)","decl":{"start":{"line":13,"column":16},"end":{"line":13,"column":17}},"loc":{"start":{"line":13,"column":34},"end":{"line":13,"column":121}},"line":13}},"branchMap":{},"s":{"0":0,"1":0,"2":0,"3":0,"4":0,"5":0,"6":0,"7":0,"8":0,"9":0,"10":0,"11":0,"12":0,"13":0,"14":0},"f":{"0":0,"1":0,"2":0,"3":0,"4":0,"5":0,"6":0},"b":{}}
,"C:\\Users\\vsarv\\Desktop\\project\\client\\src\\Context\\ContextProviderComponent.js": {"path":"C:\\Users\\vsarv\\Desktop\\project\\client\\src\\Context\\ContextProviderComponent.js","statementMap":{"0":{"start":{"line":10,"column":23},"end":{"line":10,"column":40}},"1":{"start":{"line":12,"column":40},"end":{"line":46,"column":1}},"2":{"start":{"line":13,"column":33},"end":{"line":13,"column":47}},"3":{"start":{"line":14,"column":15},"end":{"line":14,"column":49}},"4":{"start":{"line":15,"column":16},"end":{"line":15,"column":51}},"5":{"start":{"line":16,"column":23},"end":{"line":16,"column":65}},"6":{"start":{"line":17,"column":34},"end":{"line":17,"column":43}},"7":{"start":{"line":18,"column":43},"end":{"line":18,"column":53}},"8":{"start":{"line":19,"column":47},"end":{"line":19,"column":58}},"9":{"start":{"line":21,"column":30},"end":{"line":26,"column":2}},"10":{"start":{"line":22,"column":2},"end":{"line":24,"column":3}},"11":{"start":{"line":23,"column":3},"end":{"line":23,"column":18}},"12":{"start":{"line":25,"column":2},"end":{"line":25,"column":28}},"13":{"start":{"line":25,"column":22},"end":{"line":25,"column":27}},"14":{"start":{"line":27,"column":1},"end":{"line":45,"column":2}}},"fnMap":{"0":{"name":"(anonymous_0)","decl":{"start":{"line":12,"column":40},"end":{"line":12,"column":41}},"loc":{"start":{"line":12,"column":56},"end":{"line":46,"column":1}},"line":12},"1":{"name":"(anonymous_1)","decl":{"start":{"line":21,"column":30},"end":{"line":21,"column":31}},"loc":{"start":{"line":21,"column":36},"end":{"line":26,"column":2}},"line":21},"2":{"name":"(anonymous_2)","decl":{"start":{"line":25,"column":14},"end":{"line":25,"column":15}},"loc":{"start":{"line":25,"column":22},"end":{"line":25,"column":27}},"line":25}},"branchMap":{"0":{"loc":{"start":{"line":22,"column":2},"end":{"line":24,"column":3}},"type":"if","locations":[{"start":{"line":22,"column":2},"end":{"line":24,"column":3}},{"start":{"line":22,"column":2},"end":{"line":24,"column":3}}],"line":22}},"s":{"0":0,"1":0,"2":0,"3":0,"4":0,"5":0,"6":0,"7":0,"8":0,"9":0,"10":0,"11":0,"12":0,"13":0,"14":0},"f":{"0":0,"1":0,"2":0},"b":{"0":[0,0]}}
,"C:\\Users\\vsarv\\Desktop\\project\\client\\src\\Reselect\\room.reselect.js": {"path":"C:\\Users\\vsarv\\Desktop\\project\\client\\src\\Reselect\\room.reselect.js","statementMap":{"0":{"start":{"line":2,"column":16},"end":{"line":2,"column":50}},"1":{"start":{"line":2,"column":27},"end":{"line":2,"column":50}},"2":{"start":{"line":3,"column":24},"end":{"line":3,"column":60}},"3":{"start":{"line":3,"column":35},"end":{"line":3,"column":60}},"4":{"start":{"line":4,"column":23},"end":{"line":4,"column":58}},"5":{"start":{"line":4,"column":34},"end":{"line":4,"column":58}}},"fnMap":{"0":{"name":"(anonymous_0)","decl":{"start":{"line":2,"column":16},"end":{"line":2,"column":17}},"loc":{"start":{"line":2,"column":27},"end":{"line":2,"column":50}},"line":2},"1":{"name":"(anonymous_1)","decl":{"start":{"line":3,"column":24},"end":{"line":3,"column":25}},"loc":{"start":{"line":3,"column":35},"end":{"line":3,"column":60}},"line":3},"2":{"name":"(anonymous_2)","decl":{"start":{"line":4,"column":23},"end":{"line":4,"column":24}},"loc":{"start":{"line":4,"column":34},"end":{"line":4,"column":58}},"line":4}},"branchMap":{},"s":{"0":0,"1":0,"2":0,"3":0,"4":0,"5":0},"f":{"0":0,"1":0,"2":0},"b":{}}
,"C:\\Users\\vsarv\\Desktop\\project\\client\\src\\Reselect\\user.reselect.js": {"path":"C:\\Users\\vsarv\\Desktop\\project\\client\\src\\Reselect\\user.reselect.js","statementMap":{"0":{"start":{"line":2,"column":12},"end":{"line":2,"column":39}},"1":{"start":{"line":2,"column":23},"end":{"line":2,"column":39}},"2":{"start":{"line":3,"column":12},"end":{"line":3,"column":38}},"3":{"start":{"line":3,"column":23},"end":{"line":3,"column":38}},"4":{"start":{"line":4,"column":14},"end":{"line":4,"column":42}},"5":{"start":{"line":4,"column":23},"end":{"line":4,"column":42}},"6":{"start":{"line":5,"column":13},"end":{"line":5,"column":36}},"7":{"start":{"line":5,"column":22},"end":{"line":5,"column":36}},"8":{"start":{"line":6,"column":14},"end":{"line":6,"column":38}},"9":{"start":{"line":6,"column":23},"end":{"line":6,"column":38}}},"fnMap":{"0":{"name":"(anonymous_0)","decl":{"start":{"line":2,"column":12},"end":{"line":2,"column":13}},"loc":{"start":{"line":2,"column":23},"end":{"line":2,"column":39}},"line":2},"1":{"name":"(anonymous_1)","decl":{"start":{"line":3,"column":12},"end":{"line":3,"column":13}},"loc":{"start":{"line":3,"column":23},"end":{"line":3,"column":38}},"line":3},"2":{"name":"(anonymous_2)","decl":{"start":{"line":4,"column":14},"end":{"line":4,"column":15}},"loc":{"start":{"line":4,"column":23},"end":{"line":4,"column":42}},"line":4},"3":{"name":"(anonymous_3)","decl":{"start":{"line":5,"column":13},"end":{"line":5,"column":14}},"loc":{"start":{"line":5,"column":22},"end":{"line":5,"column":36}},"line":5},"4":{"name":"(anonymous_4)","decl":{"start":{"line":6,"column":14},"end":{"line":6,"column":15}},"loc":{"start":{"line":6,"column":23},"end":{"line":6,"column":38}},"line":6}},"branchMap":{},"s":{"0":0,"1":0,"2":0,"3":0,"4":0,"5":0,"6":0,"7":0,"8":0,"9":0},"f":{"0":0,"1":0,"2":0,"3":0,"4":0},"b":{}}
,"C:\\Users\\vsarv\\Desktop\\project\\client\\src\\Tools\\StatusCodeHandling.js": {"path":"C:\\Users\\vsarv\\Desktop\\project\\client\\src\\Tools\\StatusCodeHandling.js","statementMap":{"0":{"start":{"line":1,"column":26},"end":{"line":4,"column":1}}},"fnMap":{},"branchMap":{},"s":{"0":0},"f":{},"b":{}}
,"C:\\Users\\vsarv\\Desktop\\project\\client\\src\\Tools\\getNumbers.js": {"path":"C:\\Users\\vsarv\\Desktop\\project\\client\\src\\Tools\\getNumbers.js","statementMap":{"0":{"start":{"line":1,"column":34},"end":{"line":4,"column":1}},"1":{"start":{"line":2,"column":23},"end":{"line":2,"column":29}},"2":{"start":{"line":3,"column":1},"end":{"line":3,"column":47}}},"fnMap":{"0":{"name":"(anonymous_0)","decl":{"start":{"line":1,"column":34},"end":{"line":1,"column":35}},"loc":{"start":{"line":1,"column":44},"end":{"line":4,"column":1}},"line":1}},"branchMap":{},"s":{"0":0,"1":0,"2":0},"f":{"0":0},"b":{}}
,"C:\\Users\\vsarv\\Desktop\\project\\client\\src\\components\\ContactsList\\ContactsList.js": {"path":"C:\\Users\\vsarv\\Desktop\\project\\client\\src\\components\\ContactsList\\ContactsList.js","statementMap":{"0":{"start":{"line":9,"column":28},"end":{"line":55,"column":1}},"1":{"start":{"line":20,"column":20},"end":{"line":20,"column":39}},"2":{"start":{"line":22,"column":4},"end":{"line":54,"column":5}},"3":{"start":{"line":49,"column":44},"end":{"line":51,"column":125}},"4":{"start":{"line":50,"column":124},"end":{"line":50,"column":136}}},"fnMap":{"0":{"name":"(anonymous_0)","decl":{"start":{"line":9,"column":28},"end":{"line":9,"column":29}},"loc":{"start":{"line":19,"column":35},"end":{"line":55,"column":1}},"line":19},"1":{"name":"(anonymous_1)","decl":{"start":{"line":49,"column":34},"end":{"line":49,"column":35}},"loc":{"start":{"line":49,"column":44},"end":{"line":51,"column":125}},"line":49},"2":{"name":"(anonymous_2)","decl":{"start":{"line":50,"column":120},"end":{"line":50,"column":121}},"loc":{"start":{"line":50,"column":124},"end":{"line":50,"column":136}},"line":50}},"branchMap":{"0":{"loc":{"start":{"line":50,"column":79},"end":{"line":50,"column":151}},"type":"cond-expr","locations":[{"start":{"line":50,"column":97},"end":{"line":50,"column":141}},{"start":{"line":50,"column":143},"end":{"line":50,"column":151}}],"line":50},"1":{"loc":{"start":{"line":51,"column":75},"end":{"line":51,"column":122}},"type":"cond-expr","locations":[{"start":{"line":51,"column":96},"end":{"line":51,"column":112}},{"start":{"line":51,"column":113},"end":{"line":51,"column":122}}],"line":51}},"s":{"0":0,"1":0,"2":0,"3":0,"4":0},"f":{"0":0,"1":0,"2":0},"b":{"0":[0,0],"1":[0,0]}}
,"C:\\Users\\vsarv\\Desktop\\project\\client\\src\\components\\ContactsList\\style.js": {"path":"C:\\Users\\vsarv\\Desktop\\project\\client\\src\\components\\ContactsList\\style.js","statementMap":{"0":{"start":{"line":3,"column":33},"end":{"line":7,"column":3}},"1":{"start":{"line":3,"column":56},"end":{"line":7,"column":1}}},"fnMap":{"0":{"name":"(anonymous_0)","decl":{"start":{"line":3,"column":44},"end":{"line":3,"column":45}},"loc":{"start":{"line":3,"column":56},"end":{"line":7,"column":1}},"line":3}},"branchMap":{},"s":{"0":0,"1":0},"f":{"0":0},"b":{}}
,"C:\\Users\\vsarv\\Desktop\\project\\client\\src\\components\\ItemIcon\\ItemIcon.js": {"path":"C:\\Users\\vsarv\\Desktop\\project\\client\\src\\components\\ItemIcon\\ItemIcon.js","statementMap":{"0":{"start":{"line":5,"column":24},"end":{"line":20,"column":1}},"1":{"start":{"line":6,"column":20},"end":{"line":6,"column":35}},"2":{"start":{"line":7,"column":4},"end":{"line":19,"column":5}}},"fnMap":{"0":{"name":"(anonymous_0)","decl":{"start":{"line":5,"column":24},"end":{"line":5,"column":25}},"loc":{"start":{"line":5,"column":62},"end":{"line":20,"column":1}},"line":5}},"branchMap":{},"s":{"0":0,"1":0,"2":0},"f":{"0":0},"b":{}}
,"C:\\Users\\vsarv\\Desktop\\project\\client\\src\\components\\ItemIcon\\style.js": {"path":"C:\\Users\\vsarv\\Desktop\\project\\client\\src\\components\\ItemIcon\\style.js","statementMap":{"0":{"start":{"line":3,"column":29},"end":{"line":30,"column":3}},"1":{"start":{"line":3,"column":52},"end":{"line":30,"column":1}}},"fnMap":{"0":{"name":"(anonymous_0)","decl":{"start":{"line":3,"column":40},"end":{"line":3,"column":41}},"loc":{"start":{"line":3,"column":52},"end":{"line":30,"column":1}},"line":3}},"branchMap":{},"s":{"0":0,"1":0},"f":{"0":0},"b":{}}
,"C:\\Users\\vsarv\\Desktop\\project\\client\\src\\components\\MessagesList\\MessagesList.js": {"path":"C:\\Users\\vsarv\\Desktop\\project\\client\\src\\components\\MessagesList\\MessagesList.js","statementMap":{"0":{"start":{"line":13,"column":15},"end":{"line":15,"column":1}},"1":{"start":{"line":16,"column":28},"end":{"line":89,"column":1}},"2":{"start":{"line":17,"column":42},"end":{"line":17,"column":58}},"3":{"start":{"line":18,"column":44},"end":{"line":18,"column":78}},"4":{"start":{"line":19,"column":17},"end":{"line":19,"column":52}},"5":{"start":{"line":20,"column":27},"end":{"line":20,"column":70}},"6":{"start":{"line":21,"column":61},"end":{"line":25,"column":6}},"7":{"start":{"line":26,"column":22},"end":{"line":26,"column":30}},"8":{"start":{"line":27,"column":4},"end":{"line":45,"column":5}},"9":{"start":{"line":29,"column":12},"end":{"line":42,"column":13}},"10":{"start":{"line":30,"column":16},"end":{"line":30,"column":71}},"11":{"start":{"line":31,"column":16},"end":{"line":31,"column":63}},"12":{"start":{"line":32,"column":16},"end":{"line":34,"column":18}},"13":{"start":{"line":33,"column":20},"end":{"line":33,"column":42}},"14":{"start":{"line":35,"column":16},"end":{"line":37,"column":18}},"15":{"start":{"line":36,"column":20},"end":{"line":36,"column":39}},"16":{"start":{"line":38,"column":16},"end":{"line":40,"column":18}},"17":{"start":{"line":39,"column":20},"end":{"line":39,"column":39}},"18":{"start":{"line":41,"column":16},"end":{"line":41,"column":59}},"19":{"start":{"line":41,"column":29},"end":{"line":41,"column":59}},"20":{"start":{"line":46,"column":28},"end":{"line":49,"column":5}},"21":{"start":{"line":46,"column":35},"end":{"line":49,"column":5}},"22":{"start":{"line":47,"column":8},"end":{"line":47,"column":92}},"23":{"start":{"line":48,"column":8},"end":{"line":48,"column":20}},"24":{"start":{"line":50,"column":28},"end":{"line":52,"column":5}},"25":{"start":{"line":50,"column":37},"end":{"line":52,"column":5}},"26":{"start":{"line":51,"column":8},"end":{"line":51,"column":72}},"27":{"start":{"line":53,"column":30},"end":{"line":57,"column":5}},"28":{"start":{"line":53,"column":39},"end":{"line":57,"column":5}},"29":{"start":{"line":54,"column":8},"end":{"line":54,"column":49}},"30":{"start":{"line":55,"column":24},"end":{"line":55,"column":69}},"31":{"start":{"line":55,"column":52},"end":{"line":55,"column":68}},"32":{"start":{"line":56,"column":8},"end":{"line":56,"column":74}},"33":{"start":{"line":58,"column":36},"end":{"line":64,"column":5}},"34":{"start":{"line":59,"column":8},"end":{"line":59,"column":27}},"35":{"start":{"line":60,"column":22},"end":{"line":60,"column":34}},"36":{"start":{"line":61,"column":8},"end":{"line":61,"column":88}},"37":{"start":{"line":62,"column":8},"end":{"line":62,"column":49}},"38":{"start":{"line":63,"column":8},"end":{"line":63,"column":20}},"39":{"start":{"line":65,"column":4},"end":{"line":69,"column":5}},"40":{"start":{"line":66,"column":8},"end":{"line":68,"column":15}},"41":{"start":{"line":71,"column":4},"end":{"line":88,"column":5}},"42":{"start":{"line":75,"column":65},"end":{"line":80,"column":99}}},"fnMap":{"0":{"name":"(anonymous_0)","decl":{"start":{"line":16,"column":28},"end":{"line":16,"column":29}},"loc":{"start":{"line":16,"column":42},"end":{"line":89,"column":1}},"line":16},"1":{"name":"(anonymous_1)","decl":{"start":{"line":28,"column":8},"end":{"line":28,"column":9}},"loc":{"start":{"line":28,"column":14},"end":{"line":43,"column":9}},"line":28},"2":{"name":"(anonymous_2)","decl":{"start":{"line":32,"column":48},"end":{"line":32,"column":49}},"loc":{"start":{"line":32,"column":58},"end":{"line":34,"column":17}},"line":32},"3":{"name":"(anonymous_3)","decl":{"start":{"line":35,"column":54},"end":{"line":35,"column":55}},"loc":{"start":{"line":35,"column":64},"end":{"line":37,"column":17}},"line":35},"4":{"name":"(anonymous_4)","decl":{"start":{"line":38,"column":51},"end":{"line":38,"column":52}},"loc":{"start":{"line":38,"column":59},"end":{"line":40,"column":17}},"line":38},"5":{"name":"(anonymous_5)","decl":{"start":{"line":41,"column":23},"end":{"line":41,"column":24}},"loc":{"start":{"line":41,"column":29},"end":{"line":41,"column":59}},"line":41},"6":{"name":"(anonymous_6)","decl":{"start":{"line":46,"column":28},"end":{"line":46,"column":29}},"loc":{"start":{"line":46,"column":35},"end":{"line":49,"column":5}},"line":46},"7":{"name":"(anonymous_7)","decl":{"start":{"line":46,"column":35},"end":{"line":46,"column":36}},"loc":{"start":{"line":46,"column":41},"end":{"line":49,"column":5}},"line":46},"8":{"name":"(anonymous_8)","decl":{"start":{"line":50,"column":28},"end":{"line":50,"column":29}},"loc":{"start":{"line":50,"column":37},"end":{"line":52,"column":5}},"line":50},"9":{"name":"(anonymous_9)","decl":{"start":{"line":50,"column":37},"end":{"line":50,"column":38}},"loc":{"start":{"line":50,"column":43},"end":{"line":52,"column":5}},"line":50},"10":{"name":"(anonymous_10)","decl":{"start":{"line":53,"column":30},"end":{"line":53,"column":31}},"loc":{"start":{"line":53,"column":39},"end":{"line":57,"column":5}},"line":53},"11":{"name":"(anonymous_11)","decl":{"start":{"line":53,"column":39},"end":{"line":53,"column":40}},"loc":{"start":{"line":53,"column":45},"end":{"line":57,"column":5}},"line":53},"12":{"name":"(anonymous_12)","decl":{"start":{"line":55,"column":44},"end":{"line":55,"column":45}},"loc":{"start":{"line":55,"column":52},"end":{"line":55,"column":68}},"line":55},"13":{"name":"(anonymous_13)","decl":{"start":{"line":58,"column":36},"end":{"line":58,"column":37}},"loc":{"start":{"line":58,"column":42},"end":{"line":64,"column":5}},"line":58},"14":{"name":"(anonymous_14)","decl":{"start":{"line":75,"column":37},"end":{"line":75,"column":38}},"loc":{"start":{"line":75,"column":65},"end":{"line":80,"column":99}},"line":75}},"branchMap":{"0":{"loc":{"start":{"line":29,"column":12},"end":{"line":42,"column":13}},"type":"if","locations":[{"start":{"line":29,"column":12},"end":{"line":42,"column":13}},{"start":{"line":29,"column":12},"end":{"line":42,"column":13}}],"line":29},"1":{"loc":{"start":{"line":65,"column":4},"end":{"line":69,"column":5}},"type":"if","locations":[{"start":{"line":65,"column":4},"end":{"line":69,"column":5}},{"start":{"line":65,"column":4},"end":{"line":69,"column":5}}],"line":65},"2":{"loc":{"start":{"line":77,"column":86},"end":{"line":77,"column":131}},"type":"cond-expr","locations":[{"start":{"line":77,"column":106},"end":{"line":77,"column":118}},{"start":{"line":77,"column":121},"end":{"line":77,"column":131}}],"line":77},"3":{"loc":{"start":{"line":78,"column":20},"end":{"line":80,"column":92}},"type":"binary-expr","locations":[{"start":{"line":78,"column":20},"end":{"line":78,"column":37}},{"start":{"line":78,"column":41},"end":{"line":80,"column":92}}],"line":78},"4":{"loc":{"start":{"line":85,"column":33},"end":{"line":85,"column":104}},"type":"cond-expr","locations":[{"start":{"line":85,"column":56},"end":{"line":85,"column":78}},{"start":{"line":85,"column":81},"end":{"line":85,"column":104}}],"line":85},"5":{"loc":{"start":{"line":85,"column":107},"end":{"line":85,"column":145}},"type":"cond-expr","locations":[{"start":{"line":85,"column":130},"end":{"line":85,"column":136}},{"start":{"line":85,"column":139},"end":{"line":85,"column":145}}],"line":85}},"s":{"0":0,"1":0,"2":0,"3":0,"4":0,"5":0,"6":0,"7":0,"8":0,"9":0,"10":0,"11":0,"12":0,"13":0,"14":0,"15":0,"16":0,"17":0,"18":0,"19":0,"20":0,"21":0,"22":0,"23":0,"24":0,"25":0,"26":0,"27":0,"28":0,"29":0,"30":0,"31":0,"32":0,"33":0,"34":0,"35":0,"36":0,"37":0,"38":0,"39":0,"40":0,"41":0,"42":0},"f":{"0":0,"1":0,"2":0,"3":0,"4":0,"5":0,"6":0,"7":0,"8":0,"9":0,"10":0,"11":0,"12":0,"13":0,"14":0},"b":{"0":[0,0],"1":[0,0],"2":[0,0],"3":[0,0],"4":[0,0],"5":[0,0]}}
,"C:\\Users\\vsarv\\Desktop\\project\\client\\src\\components\\SignIn\\SignIn.js": {"path":"C:\\Users\\vsarv\\Desktop\\project\\client\\src\\components\\SignIn\\SignIn.js","statementMap":{"0":{"start":{"line":8,"column":15},"end":{"line":11,"column":1}},"1":{"start":{"line":13,"column":22},"end":{"line":30,"column":1}},"2":{"start":{"line":14,"column":17},"end":{"line":14,"column":31}},"3":{"start":{"line":15,"column":27},"end":{"line":15,"column":43}},"4":{"start":{"line":16,"column":24},"end":{"line":16,"column":32}},"5":{"start":{"line":17,"column":1},"end":{"line":29,"column":2}}},"fnMap":{"0":{"name":"(anonymous_0)","decl":{"start":{"line":13,"column":22},"end":{"line":13,"column":23}},"loc":{"start":{"line":13,"column":28},"end":{"line":30,"column":1}},"line":13}},"branchMap":{},"s":{"0":0,"1":0,"2":0,"3":0,"4":0,"5":0},"f":{"0":0},"b":{}}
,"C:\\Users\\vsarv\\Desktop\\project\\client\\src\\components\\SignIn\\style.js": {"path":"C:\\Users\\vsarv\\Desktop\\project\\client\\src\\components\\SignIn\\style.js","statementMap":{"0":{"start":{"line":3,"column":28},"end":{"line":9,"column":3}},"1":{"start":{"line":3,"column":51},"end":{"line":9,"column":1}}},"fnMap":{"0":{"name":"(anonymous_0)","decl":{"start":{"line":3,"column":39},"end":{"line":3,"column":40}},"loc":{"start":{"line":3,"column":51},"end":{"line":9,"column":1}},"line":3}},"branchMap":{},"s":{"0":0,"1":0},"f":{"0":0},"b":{}}
,"C:\\Users\\vsarv\\Desktop\\project\\client\\src\\components\\SignUp\\SignUp.js": {"path":"C:\\Users\\vsarv\\Desktop\\project\\client\\src\\components\\SignUp\\SignUp.js","statementMap":{"0":{"start":{"line":8,"column":15},"end":{"line":12,"column":1}},"1":{"start":{"line":14,"column":22},"end":{"line":33,"column":1}},"2":{"start":{"line":15,"column":17},"end":{"line":15,"column":31}},"3":{"start":{"line":16,"column":27},"end":{"line":16,"column":43}},"4":{"start":{"line":17,"column":24},"end":{"line":17,"column":32}},"5":{"start":{"line":18,"column":1},"end":{"line":32,"column":2}}},"fnMap":{"0":{"name":"(anonymous_0)","decl":{"start":{"line":14,"column":22},"end":{"line":14,"column":23}},"loc":{"start":{"line":14,"column":28},"end":{"line":33,"column":1}},"line":14}},"branchMap":{},"s":{"0":0,"1":0,"2":0,"3":0,"4":0,"5":0},"f":{"0":0},"b":{}}
,"C:\\Users\\vsarv\\Desktop\\project\\client\\src\\components\\SignUp\\style.material.js": {"path":"C:\\Users\\vsarv\\Desktop\\project\\client\\src\\components\\SignUp\\style.material.js","statementMap":{"0":{"start":{"line":3,"column":28},"end":{"line":9,"column":3}},"1":{"start":{"line":3,"column":51},"end":{"line":9,"column":1}}},"fnMap":{"0":{"name":"(anonymous_0)","decl":{"start":{"line":3,"column":39},"end":{"line":3,"column":40}},"loc":{"start":{"line":3,"column":51},"end":{"line":9,"column":1}},"line":3}},"branchMap":{},"s":{"0":0,"1":0},"f":{"0":0},"b":{}}
,"C:\\Users\\vsarv\\Desktop\\project\\client\\src\\components\\common\\Card\\Card.js": {"path":"C:\\Users\\vsarv\\Desktop\\project\\client\\src\\components\\common\\Card\\Card.js","statementMap":{"0":{"start":{"line":5,"column":29},"end":{"line":17,"column":1}},"1":{"start":{"line":6,"column":17},"end":{"line":6,"column":29}},"2":{"start":{"line":7,"column":1},"end":{"line":16,"column":2}}},"fnMap":{"0":{"name":"(anonymous_0)","decl":{"start":{"line":5,"column":29},"end":{"line":5,"column":30}},"loc":{"start":{"line":5,"column":63},"end":{"line":17,"column":1}},"line":5}},"branchMap":{"0":{"loc":{"start":{"line":5,"column":31},"end":{"line":5,"column":39}},"type":"default-arg","locations":[{"start":{"line":5,"column":37},"end":{"line":5,"column":39}}],"line":5},"1":{"loc":{"start":{"line":10,"column":5},"end":{"line":12,"column":17}},"type":"binary-expr","locations":[{"start":{"line":10,"column":5},"end":{"line":10,"column":10}},{"start":{"line":10,"column":14},"end":{"line":12,"column":17}}],"line":10}},"s":{"0":1,"1":2,"2":2},"f":{"0":2},"b":{"0":[1],"1":[2,1]},"_coverageSchema":"1a1c01bbd47fc00a2c39e90264f33305004495a9","hash":"f875771261b988c0812644574ea664204f387362"}
,"C:\\Users\\vsarv\\Desktop\\project\\client\\src\\components\\common\\Card\\card.style.js": {"path":"C:\\Users\\vsarv\\Desktop\\project\\client\\src\\components\\common\\Card\\card.style.js","statementMap":{"0":{"start":{"line":3,"column":26},"end":{"line":21,"column":3}},"1":{"start":{"line":3,"column":49},"end":{"line":21,"column":1}}},"fnMap":{"0":{"name":"(anonymous_0)","decl":{"start":{"line":3,"column":37},"end":{"line":3,"column":38}},"loc":{"start":{"line":3,"column":49},"end":{"line":21,"column":1}},"line":3}},"branchMap":{},"s":{"0":1,"1":2},"f":{"0":2},"b":{},"_coverageSchema":"1a1c01bbd47fc00a2c39e90264f33305004495a9","hash":"cf6346a55618311795efd20f2844c911a5cedb08"}
,"C:\\Users\\vsarv\\Desktop\\project\\client\\src\\components\\common\\Input\\Input.js": {"path":"C:\\Users\\vsarv\\Desktop\\project\\client\\src\\components\\common\\Input\\Input.js","statementMap":{"0":{"start":{"line":4,"column":21},"end":{"line":8,"column":1}},"1":{"start":{"line":5,"column":1},"end":{"line":7,"column":3}}},"fnMap":{"0":{"name":"(anonymous_0)","decl":{"start":{"line":4,"column":21},"end":{"line":4,"column":22}},"loc":{"start":{"line":4,"column":36},"end":{"line":8,"column":1}},"line":4}},"branchMap":{},"s":{"0":1,"1":1},"f":{"0":1},"b":{},"_coverageSchema":"1a1c01bbd47fc00a2c39e90264f33305004495a9","hash":"ebc73af8ab349245f7310e3ec270397c9928e3dd"}
,"C:\\Users\\vsarv\\Desktop\\project\\client\\src\\components\\header\\Header.js": {"path":"C:\\Users\\vsarv\\Desktop\\project\\client\\src\\components\\header\\Header.js","statementMap":{"0":{"start":{"line":10,"column":22},"end":{"line":28,"column":1}},"1":{"start":{"line":11,"column":17},"end":{"line":11,"column":31}},"2":{"start":{"line":12,"column":17},"end":{"line":12,"column":49}},"3":{"start":{"line":12,"column":38},"end":{"line":12,"column":48}},"4":{"start":{"line":13,"column":1},"end":{"line":27,"column":3}}},"fnMap":{"0":{"name":"(anonymous_0)","decl":{"start":{"line":10,"column":22},"end":{"line":10,"column":23}},"loc":{"start":{"line":10,"column":60},"end":{"line":28,"column":1}},"line":10},"1":{"name":"(anonymous_1)","decl":{"start":{"line":12,"column":29},"end":{"line":12,"column":30}},"loc":{"start":{"line":12,"column":38},"end":{"line":12,"column":48}},"line":12}},"branchMap":{"0":{"loc":{"start":{"line":17,"column":6},"end":{"line":19,"column":18}},"type":"binary-expr","locations":[{"start":{"line":17,"column":6},"end":{"line":17,"column":11}},{"start":{"line":17,"column":15},"end":{"line":19,"column":18}}],"line":17},"1":{"loc":{"start":{"line":23,"column":61},"end":{"line":23,"column":106}},"type":"cond-expr","locations":[{"start":{"line":23,"column":68},"end":{"line":23,"column":77}},{"start":{"line":23,"column":78},"end":{"line":23,"column":106}}],"line":23},"2":{"loc":{"start":{"line":23,"column":78},"end":{"line":23,"column":106}},"type":"cond-expr","locations":[{"start":{"line":23,"column":87},"end":{"line":23,"column":96}},{"start":{"line":23,"column":97},"end":{"line":23,"column":106}}],"line":23}},"s":{"0":0,"1":0,"2":0,"3":0,"4":0},"f":{"0":0,"1":0},"b":{"0":[0,0],"1":[0,0],"2":[0,0]}}
,"C:\\Users\\vsarv\\Desktop\\project\\client\\src\\components\\header\\style.material.js": {"path":"C:\\Users\\vsarv\\Desktop\\project\\client\\src\\components\\header\\style.material.js","statementMap":{"0":{"start":{"line":3,"column":28},"end":{"line":16,"column":3}},"1":{"start":{"line":3,"column":51},"end":{"line":16,"column":1}}},"fnMap":{"0":{"name":"(anonymous_0)","decl":{"start":{"line":3,"column":39},"end":{"line":3,"column":40}},"loc":{"start":{"line":3,"column":51},"end":{"line":16,"column":1}},"line":3}},"branchMap":{},"s":{"0":0,"1":0},"f":{"0":0},"b":{}}
,"C:\\Users\\vsarv\\Desktop\\project\\client\\src\\hooks\\useAlert.js": {"path":"C:\\Users\\vsarv\\Desktop\\project\\client\\src\\hooks\\useAlert.js","statementMap":{"0":{"start":{"line":4,"column":24},"end":{"line":37,"column":1}},"1":{"start":{"line":5,"column":25},"end":{"line":5,"column":42}},"2":{"start":{"line":6,"column":25},"end":{"line":6,"column":37}},"3":{"start":{"line":7,"column":31},"end":{"line":7,"column":46}},"4":{"start":{"line":9,"column":20},"end":{"line":14,"column":2}},"5":{"start":{"line":15,"column":24},"end":{"line":25,"column":2}},"6":{"start":{"line":16,"column":2},"end":{"line":22,"column":3}},"7":{"start":{"line":17,"column":3},"end":{"line":21,"column":4}},"8":{"start":{"line":24,"column":2},"end":{"line":24,"column":13}},"9":{"start":{"line":26,"column":25},"end":{"line":32,"column":2}},"10":{"start":{"line":27,"column":2},"end":{"line":27,"column":23}},"11":{"start":{"line":28,"column":2},"end":{"line":28,"column":18}},"12":{"start":{"line":29,"column":2},"end":{"line":29,"column":20}},"13":{"start":{"line":30,"column":2},"end":{"line":30,"column":20}},"14":{"start":{"line":31,"column":2},"end":{"line":31,"column":43}},"15":{"start":{"line":31,"column":19},"end":{"line":31,"column":36}},"16":{"start":{"line":33,"column":1},"end":{"line":36,"column":2}}},"fnMap":{"0":{"name":"(anonymous_0)","decl":{"start":{"line":4,"column":24},"end":{"line":4,"column":25}},"loc":{"start":{"line":4,"column":30},"end":{"line":37,"column":1}},"line":4},"1":{"name":"(anonymous_1)","decl":{"start":{"line":15,"column":24},"end":{"line":15,"column":25}},"loc":{"start":{"line":15,"column":30},"end":{"line":25,"column":2}},"line":15},"2":{"name":"(anonymous_2)","decl":{"start":{"line":26,"column":25},"end":{"line":26,"column":26}},"loc":{"start":{"line":26,"column":48},"end":{"line":32,"column":2}},"line":26},"3":{"name":"(anonymous_3)","decl":{"start":{"line":31,"column":13},"end":{"line":31,"column":14}},"loc":{"start":{"line":31,"column":19},"end":{"line":31,"column":36}},"line":31}},"branchMap":{"0":{"loc":{"start":{"line":16,"column":2},"end":{"line":22,"column":3}},"type":"if","locations":[{"start":{"line":16,"column":2},"end":{"line":22,"column":3}},{"start":{"line":16,"column":2},"end":{"line":22,"column":3}}],"line":16},"1":{"loc":{"start":{"line":26,"column":32},"end":{"line":26,"column":43}},"type":"default-arg","locations":[{"start":{"line":26,"column":39},"end":{"line":26,"column":43}}],"line":26}},"s":{"0":0,"1":0,"2":0,"3":0,"4":0,"5":0,"6":0,"7":0,"8":0,"9":0,"10":0,"11":0,"12":0,"13":0,"14":0,"15":0,"16":0},"f":{"0":0,"1":0,"2":0,"3":0},"b":{"0":[0,0],"1":[0]}}
,"C:\\Users\\vsarv\\Desktop\\project\\client\\src\\hooks\\useApi.js": {"path":"C:\\Users\\vsarv\\Desktop\\project\\client\\src\\hooks\\useApi.js","statementMap":{"0":{"start":{"line":10,"column":22},"end":{"line":114,"column":1}},"1":{"start":{"line":11,"column":108},"end":{"line":11,"column":127}},"2":{"start":{"line":12,"column":60},"end":{"line":15,"column":6}},"3":{"start":{"line":16,"column":25},"end":{"line":29,"column":5}},"4":{"start":{"line":16,"column":37},"end":{"line":29,"column":5}},"5":{"start":{"line":17,"column":8},"end":{"line":17,"column":34}},"6":{"start":{"line":18,"column":8},"end":{"line":27,"column":9}},"7":{"start":{"line":19,"column":24},"end":{"line":19,"column":52}},"8":{"start":{"line":20,"column":12},"end":{"line":20,"column":27}},"9":{"start":{"line":21,"column":12},"end":{"line":21,"column":22}},"10":{"start":{"line":23,"column":25},"end":{"line":23,"column":55}},"11":{"start":{"line":24,"column":12},"end":{"line":24,"column":94}},"12":{"start":{"line":26,"column":12},"end":{"line":26,"column":38}},"13":{"start":{"line":30,"column":25},"end":{"line":42,"column":5}},"14":{"start":{"line":30,"column":37},"end":{"line":42,"column":5}},"15":{"start":{"line":31,"column":8},"end":{"line":31,"column":34}},"16":{"start":{"line":32,"column":8},"end":{"line":41,"column":9}},"17":{"start":{"line":33,"column":12},"end":{"line":33,"column":40}},"18":{"start":{"line":34,"column":12},"end":{"line":34,"column":85}},"19":{"start":{"line":35,"column":12},"end":{"line":35,"column":29}},"20":{"start":{"line":37,"column":25},"end":{"line":37,"column":55}},"21":{"start":{"line":38,"column":12},"end":{"line":38,"column":94}},"22":{"start":{"line":40,"column":12},"end":{"line":40,"column":38}},"23":{"start":{"line":43,"column":30},"end":{"line":57,"column":5}},"24":{"start":{"line":44,"column":8},"end":{"line":44,"column":34}},"25":{"start":{"line":45,"column":8},"end":{"line":56,"column":9}},"26":{"start":{"line":46,"column":24},"end":{"line":46,"column":56}},"27":{"start":{"line":47,"column":12},"end":{"line":47,"column":37}},"28":{"start":{"line":49,"column":12},"end":{"line":49,"column":28}},"29":{"start":{"line":50,"column":25},"end":{"line":50,"column":55}},"30":{"start":{"line":51,"column":12},"end":{"line":53,"column":13}},"31":{"start":{"line":52,"column":16},"end":{"line":52,"column":24}},"32":{"start":{"line":55,"column":12},"end":{"line":55,"column":38}},"33":{"start":{"line":59,"column":28},"end":{"line":69,"column":5}},"34":{"start":{"line":60,"column":8},"end":{"line":60,"column":34}},"35":{"start":{"line":61,"column":8},"end":{"line":68,"column":9}},"36":{"start":{"line":62,"column":24},"end":{"line":62,"column":62}},"37":{"start":{"line":63,"column":12},"end":{"line":63,"column":33}},"38":{"start":{"line":65,"column":12},"end":{"line":65,"column":26}},"39":{"start":{"line":67,"column":12},"end":{"line":67,"column":38}},"40":{"start":{"line":70,"column":29},"end":{"line":81,"column":5}},"41":{"start":{"line":70,"column":41},"end":{"line":81,"column":5}},"42":{"start":{"line":71,"column":8},"end":{"line":71,"column":34}},"43":{"start":{"line":72,"column":8},"end":{"line":80,"column":9}},"44":{"start":{"line":73,"column":24},"end":{"line":73,"column":63}},"45":{"start":{"line":74,"column":12},"end":{"line":74,"column":37}},"46":{"start":{"line":75,"column":12},"end":{"line":75,"column":133}},"47":{"start":{"line":77,"column":12},"end":{"line":77,"column":26}},"48":{"start":{"line":79,"column":12},"end":{"line":79,"column":38}},"49":{"start":{"line":82,"column":29},"end":{"line":93,"column":5}},"50":{"start":{"line":82,"column":41},"end":{"line":93,"column":5}},"51":{"start":{"line":83,"column":8},"end":{"line":83,"column":34}},"52":{"start":{"line":84,"column":8},"end":{"line":92,"column":9}},"53":{"start":{"line":85,"column":24},"end":{"line":85,"column":63}},"54":{"start":{"line":86,"column":12},"end":{"line":86,"column":37}},"55":{"start":{"line":87,"column":12},"end":{"line":87,"column":28}},"56":{"start":{"line":89,"column":12},"end":{"line":89,"column":26}},"57":{"start":{"line":91,"column":12},"end":{"line":91,"column":38}},"58":{"start":{"line":94,"column":26},"end":{"line":104,"column":5}},"59":{"start":{"line":94,"column":38},"end":{"line":104,"column":5}},"60":{"start":{"line":95,"column":8},"end":{"line":95,"column":34}},"61":{"start":{"line":96,"column":8},"end":{"line":103,"column":9}},"62":{"start":{"line":100,"column":12},"end":{"line":100,"column":26}},"63":{"start":{"line":102,"column":12},"end":{"line":102,"column":38}},"64":{"start":{"line":105,"column":4},"end":{"line":113,"column":5}}},"fnMap":{"0":{"name":"(anonymous_0)","decl":{"start":{"line":10,"column":22},"end":{"line":10,"column":23}},"loc":{"start":{"line":10,"column":28},"end":{"line":114,"column":1}},"line":10},"1":{"name":"(anonymous_1)","decl":{"start":{"line":16,"column":25},"end":{"line":16,"column":26}},"loc":{"start":{"line":16,"column":37},"end":{"line":29,"column":5}},"line":16},"2":{"name":"(anonymous_2)","decl":{"start":{"line":16,"column":37},"end":{"line":16,"column":38}},"loc":{"start":{"line":16,"column":49},"end":{"line":29,"column":5}},"line":16},"3":{"name":"(anonymous_3)","decl":{"start":{"line":30,"column":25},"end":{"line":30,"column":26}},"loc":{"start":{"line":30,"column":37},"end":{"line":42,"column":5}},"line":30},"4":{"name":"(anonymous_4)","decl":{"start":{"line":30,"column":37},"end":{"line":30,"column":38}},"loc":{"start":{"line":30,"column":49},"end":{"line":42,"column":5}},"line":30},"5":{"name":"(anonymous_5)","decl":{"start":{"line":43,"column":30},"end":{"line":43,"column":31}},"loc":{"start":{"line":43,"column":42},"end":{"line":57,"column":5}},"line":43},"6":{"name":"(anonymous_6)","decl":{"start":{"line":59,"column":28},"end":{"line":59,"column":29}},"loc":{"start":{"line":59,"column":46},"end":{"line":69,"column":5}},"line":59},"7":{"name":"(anonymous_7)","decl":{"start":{"line":70,"column":29},"end":{"line":70,"column":30}},"loc":{"start":{"line":70,"column":41},"end":{"line":81,"column":5}},"line":70},"8":{"name":"(anonymous_8)","decl":{"start":{"line":70,"column":41},"end":{"line":70,"column":42}},"loc":{"start":{"line":70,"column":53},"end":{"line":81,"column":5}},"line":70},"9":{"name":"(anonymous_9)","decl":{"start":{"line":82,"column":29},"end":{"line":82,"column":30}},"loc":{"start":{"line":82,"column":41},"end":{"line":93,"column":5}},"line":82},"10":{"name":"(anonymous_10)","decl":{"start":{"line":82,"column":41},"end":{"line":82,"column":42}},"loc":{"start":{"line":82,"column":53},"end":{"line":93,"column":5}},"line":82},"11":{"name":"(anonymous_11)","decl":{"start":{"line":94,"column":26},"end":{"line":94,"column":27}},"loc":{"start":{"line":94,"column":38},"end":{"line":104,"column":5}},"line":94},"12":{"name":"(anonymous_12)","decl":{"start":{"line":94,"column":38},"end":{"line":94,"column":39}},"loc":{"start":{"line":94,"column":50},"end":{"line":104,"column":5}},"line":94}},"branchMap":{"0":{"loc":{"start":{"line":24,"column":50},"end":{"line":24,"column":92}},"type":"binary-expr","locations":[{"start":{"line":24,"column":50},"end":{"line":24,"column":66}},{"start":{"line":24,"column":70},"end":{"line":24,"column":92}}],"line":24},"1":{"loc":{"start":{"line":38,"column":50},"end":{"line":38,"column":92}},"type":"binary-expr","locations":[{"start":{"line":38,"column":50},"end":{"line":38,"column":66}},{"start":{"line":38,"column":70},"end":{"line":38,"column":92}}],"line":38},"2":{"loc":{"start":{"line":51,"column":12},"end":{"line":53,"column":13}},"type":"if","locations":[{"start":{"line":51,"column":12},"end":{"line":53,"column":13}},{"start":{"line":51,"column":12},"end":{"line":53,"column":13}}],"line":51},"3":{"loc":{"start":{"line":75,"column":78},"end":{"line":75,"column":106}},"type":"binary-expr","locations":[{"start":{"line":75,"column":78},"end":{"line":75,"column":100}},{"start":{"line":75,"column":104},"end":{"line":75,"column":106}}],"line":75}},"s":{"0":0,"1":0,"2":0,"3":0,"4":0,"5":0,"6":0,"7":0,"8":0,"9":0,"10":0,"11":0,"12":0,"13":0,"14":0,"15":0,"16":0,"17":0,"18":0,"19":0,"20":0,"21":0,"22":0,"23":0,"24":0,"25":0,"26":0,"27":0,"28":0,"29":0,"30":0,"31":0,"32":0,"33":0,"34":0,"35":0,"36":0,"37":0,"38":0,"39":0,"40":0,"41":0,"42":0,"43":0,"44":0,"45":0,"46":0,"47":0,"48":0,"49":0,"50":0,"51":0,"52":0,"53":0,"54":0,"55":0,"56":0,"57":0,"58":0,"59":0,"60":0,"61":0,"62":0,"63":0,"64":0},"f":{"0":0,"1":0,"2":0,"3":0,"4":0,"5":0,"6":0,"7":0,"8":0,"9":0,"10":0,"11":0,"12":0},"b":{"0":[0,0],"1":[0,0],"2":[0,0],"3":[0,0]}}
,"C:\\Users\\vsarv\\Desktop\\project\\client\\src\\hooks\\useAuth.js": {"path":"C:\\Users\\vsarv\\Desktop\\project\\client\\src\\hooks\\useAuth.js","statementMap":{"0":{"start":{"line":5,"column":23},"end":{"line":29,"column":1}},"1":{"start":{"line":6,"column":31},"end":{"line":6,"column":46}},"2":{"start":{"line":7,"column":41},"end":{"line":10,"column":3}},"3":{"start":{"line":12,"column":15},"end":{"line":15,"column":2}},"4":{"start":{"line":13,"column":2},"end":{"line":13,"column":21}},"5":{"start":{"line":14,"column":2},"end":{"line":14,"column":56}},"6":{"start":{"line":16,"column":16},"end":{"line":19,"column":2}},"7":{"start":{"line":17,"column":2},"end":{"line":17,"column":18}},"8":{"start":{"line":18,"column":2},"end":{"line":18,"column":37}},"9":{"start":{"line":21,"column":1},"end":{"line":27,"column":7}},"10":{"start":{"line":22,"column":19},"end":{"line":22,"column":63}},"11":{"start":{"line":23,"column":2},"end":{"line":25,"column":3}},"12":{"start":{"line":24,"column":3},"end":{"line":24,"column":52}},"13":{"start":{"line":26,"column":2},"end":{"line":26,"column":18}},"14":{"start":{"line":28,"column":1},"end":{"line":28,"column":32}}},"fnMap":{"0":{"name":"(anonymous_0)","decl":{"start":{"line":5,"column":23},"end":{"line":5,"column":24}},"loc":{"start":{"line":5,"column":29},"end":{"line":29,"column":1}},"line":5},"1":{"name":"(anonymous_1)","decl":{"start":{"line":12,"column":15},"end":{"line":12,"column":16}},"loc":{"start":{"line":12,"column":25},"end":{"line":15,"column":2}},"line":12},"2":{"name":"(anonymous_2)","decl":{"start":{"line":16,"column":16},"end":{"line":16,"column":17}},"loc":{"start":{"line":16,"column":22},"end":{"line":19,"column":2}},"line":16},"3":{"name":"(anonymous_3)","decl":{"start":{"line":21,"column":11},"end":{"line":21,"column":12}},"loc":{"start":{"line":21,"column":17},"end":{"line":27,"column":2}},"line":21}},"branchMap":{"0":{"loc":{"start":{"line":23,"column":2},"end":{"line":25,"column":3}},"type":"if","locations":[{"start":{"line":23,"column":2},"end":{"line":25,"column":3}},{"start":{"line":23,"column":2},"end":{"line":25,"column":3}}],"line":23}},"s":{"0":0,"1":0,"2":0,"3":0,"4":0,"5":0,"6":0,"7":0,"8":0,"9":0,"10":0,"11":0,"12":0,"13":0,"14":0},"f":{"0":0,"1":0,"2":0,"3":0},"b":{"0":[0,0]}}
,"C:\\Users\\vsarv\\Desktop\\project\\client\\src\\hooks\\useDispatch.js": {"path":"C:\\Users\\vsarv\\Desktop\\project\\client\\src\\hooks\\useDispatch.js","statementMap":{"0":{"start":{"line":4,"column":31},"end":{"line":6,"column":1}},"1":{"start":{"line":5,"column":1},"end":{"line":5,"column":50}}},"fnMap":{"0":{"name":"(anonymous_0)","decl":{"start":{"line":4,"column":31},"end":{"line":4,"column":32}},"loc":{"start":{"line":4,"column":44},"end":{"line":6,"column":1}},"line":4}},"branchMap":{},"s":{"0":1,"1":1},"f":{"0":1},"b":{},"_coverageSchema":"1a1c01bbd47fc00a2c39e90264f33305004495a9","hash":"94157a3cf4f8651477b3350edcb0fa90961d77e8"}
,"C:\\Users\\vsarv\\Desktop\\project\\client\\src\\hooks\\useInput.js": {"path":"C:\\Users\\vsarv\\Desktop\\project\\client\\src\\hooks\\useInput.js","statementMap":{"0":{"start":{"line":3,"column":24},"end":{"line":14,"column":1}},"1":{"start":{"line":4,"column":27},"end":{"line":4,"column":43}},"2":{"start":{"line":6,"column":18},"end":{"line":8,"column":2}},"3":{"start":{"line":7,"column":2},"end":{"line":7,"column":64}},"4":{"start":{"line":7,"column":20},"end":{"line":7,"column":62}},"5":{"start":{"line":9,"column":20},"end":{"line":11,"column":2}},"6":{"start":{"line":10,"column":2},"end":{"line":10,"column":18}},"7":{"start":{"line":13,"column":1},"end":{"line":13,"column":37}}},"fnMap":{"0":{"name":"(anonymous_0)","decl":{"start":{"line":3,"column":24},"end":{"line":3,"column":25}},"loc":{"start":{"line":3,"column":36},"end":{"line":14,"column":1}},"line":3},"1":{"name":"(anonymous_1)","decl":{"start":{"line":6,"column":18},"end":{"line":6,"column":19}},"loc":{"start":{"line":6,"column":25},"end":{"line":8,"column":2}},"line":6},"2":{"name":"(anonymous_2)","decl":{"start":{"line":7,"column":11},"end":{"line":7,"column":12}},"loc":{"start":{"line":7,"column":20},"end":{"line":7,"column":62}},"line":7},"3":{"name":"(anonymous_3)","decl":{"start":{"line":9,"column":20},"end":{"line":9,"column":21}},"loc":{"start":{"line":9,"column":26},"end":{"line":11,"column":2}},"line":9}},"branchMap":{},"s":{"0":1,"1":3,"2":3,"3":1,"4":1,"5":3,"6":1,"7":3},"f":{"0":3,"1":1,"2":1,"3":1},"b":{},"_coverageSchema":"1a1c01bbd47fc00a2c39e90264f33305004495a9","hash":"c0b5deadb4dc3782a29f374e5dbe5b2065758c22"}
,"C:\\Users\\vsarv\\Desktop\\project\\client\\src\\hooks\\useLoader.js": {"path":"C:\\Users\\vsarv\\Desktop\\project\\client\\src\\hooks\\useLoader.js","statementMap":{"0":{"start":{"line":4,"column":25},"end":{"line":28,"column":1}},"1":{"start":{"line":5,"column":31},"end":{"line":5,"column":46}},"2":{"start":{"line":7,"column":28},"end":{"line":13,"column":2}},"3":{"start":{"line":8,"column":21},"end":{"line":11,"column":3}},"4":{"start":{"line":9,"column":17},"end":{"line":9,"column":33}},"5":{"start":{"line":10,"column":17},"end":{"line":10,"column":34}},"6":{"start":{"line":12,"column":2},"end":{"line":12,"column":22}},"7":{"start":{"line":14,"column":25},"end":{"line":22,"column":2}},"8":{"start":{"line":15,"column":2},"end":{"line":20,"column":3}},"9":{"start":{"line":16,"column":3},"end":{"line":19,"column":9}},"10":{"start":{"line":21,"column":2},"end":{"line":21,"column":13}},"11":{"start":{"line":24,"column":1},"end":{"line":27,"column":2}}},"fnMap":{"0":{"name":"(anonymous_0)","decl":{"start":{"line":4,"column":25},"end":{"line":4,"column":26}},"loc":{"start":{"line":4,"column":31},"end":{"line":28,"column":1}},"line":4},"1":{"name":"(anonymous_1)","decl":{"start":{"line":7,"column":28},"end":{"line":7,"column":29}},"loc":{"start":{"line":7,"column":40},"end":{"line":13,"column":2}},"line":7},"2":{"name":"(anonymous_2)","decl":{"start":{"line":9,"column":11},"end":{"line":9,"column":12}},"loc":{"start":{"line":9,"column":17},"end":{"line":9,"column":33}},"line":9},"3":{"name":"(anonymous_3)","decl":{"start":{"line":10,"column":11},"end":{"line":10,"column":12}},"loc":{"start":{"line":10,"column":17},"end":{"line":10,"column":34}},"line":10},"4":{"name":"(anonymous_4)","decl":{"start":{"line":14,"column":25},"end":{"line":14,"column":26}},"loc":{"start":{"line":14,"column":31},"end":{"line":22,"column":2}},"line":14}},"branchMap":{"0":{"loc":{"start":{"line":15,"column":2},"end":{"line":20,"column":3}},"type":"if","locations":[{"start":{"line":15,"column":2},"end":{"line":20,"column":3}},{"start":{"line":15,"column":2},"end":{"line":20,"column":3}}],"line":15}},"s":{"0":0,"1":0,"2":0,"3":0,"4":0,"5":0,"6":0,"7":0,"8":0,"9":0,"10":0,"11":0},"f":{"0":0,"1":0,"2":0,"3":0,"4":0},"b":{"0":[0,0]}}
,"C:\\Users\\vsarv\\Desktop\\project\\client\\src\\pages\\Auth\\Auth.jsx": {"path":"C:\\Users\\vsarv\\Desktop\\project\\client\\src\\pages\\Auth\\Auth.jsx","statementMap":{"0":{"start":{"line":9,"column":20},"end":{"line":18,"column":1}},"1":{"start":{"line":10,"column":17},"end":{"line":10,"column":29}},"2":{"start":{"line":11,"column":20},"end":{"line":11,"column":39}},"3":{"start":{"line":12,"column":1},"end":{"line":17,"column":3}}},"fnMap":{"0":{"name":"(anonymous_0)","decl":{"start":{"line":9,"column":20},"end":{"line":9,"column":21}},"loc":{"start":{"line":9,"column":26},"end":{"line":18,"column":1}},"line":9}},"branchMap":{"0":{"loc":{"start":{"line":15,"column":25},"end":{"line":15,"column":57}},"type":"cond-expr","locations":[{"start":{"line":15,"column":36},"end":{"line":15,"column":45}},{"start":{"line":15,"column":48},"end":{"line":15,"column":57}}],"line":15},"1":{"loc":{"start":{"line":15,"column":68},"end":{"line":15,"column":96}},"type":"cond-expr","locations":[{"start":{"line":15,"column":77},"end":{"line":15,"column":86}},{"start":{"line":15,"column":87},"end":{"line":15,"column":96}}],"line":15}},"s":{"0":0,"1":0,"2":0,"3":0},"f":{"0":0},"b":{"0":[0,0],"1":[0,0]}}
,"C:\\Users\\vsarv\\Desktop\\project\\client\\src\\pages\\Auth\\style.material.js": {"path":"C:\\Users\\vsarv\\Desktop\\project\\client\\src\\pages\\Auth\\style.material.js","statementMap":{"0":{"start":{"line":3,"column":26},"end":{"line":9,"column":3}},"1":{"start":{"line":3,"column":49},"end":{"line":9,"column":1}}},"fnMap":{"0":{"name":"(anonymous_0)","decl":{"start":{"line":3,"column":37},"end":{"line":3,"column":38}},"loc":{"start":{"line":3,"column":49},"end":{"line":9,"column":1}},"line":3}},"branchMap":{},"s":{"0":0,"1":0},"f":{"0":0},"b":{}}
,"C:\\Users\\vsarv\\Desktop\\project\\client\\src\\pages\\Settings\\Settings.js": {"path":"C:\\Users\\vsarv\\Desktop\\project\\client\\src\\pages\\Settings\\Settings.js","statementMap":{"0":{"start":{"line":1,"column":24},"end":{"line":7,"column":1}},"1":{"start":{"line":2,"column":1},"end":{"line":6,"column":2}}},"fnMap":{"0":{"name":"(anonymous_0)","decl":{"start":{"line":1,"column":24},"end":{"line":1,"column":25}},"loc":{"start":{"line":1,"column":30},"end":{"line":7,"column":1}},"line":1}},"branchMap":{},"s":{"0":0,"1":0},"f":{"0":0},"b":{}}
,"C:\\Users\\vsarv\\Desktop\\project\\client\\src\\pages\\UserPage\\UserPage.js": {"path":"C:\\Users\\vsarv\\Desktop\\project\\client\\src\\pages\\UserPage\\UserPage.js","statementMap":{"0":{"start":{"line":11,"column":15},"end":{"line":13,"column":1}},"1":{"start":{"line":14,"column":17},"end":{"line":66,"column":1}},"2":{"start":{"line":16,"column":100},"end":{"line":16,"column":108}},"3":{"start":{"line":17,"column":22},"end":{"line":17,"column":56}},"4":{"start":{"line":18,"column":16},"end":{"line":18,"column":51}},"5":{"start":{"line":19,"column":21},"end":{"line":19,"column":58}},"6":{"start":{"line":20,"column":42},"end":{"line":20,"column":58}},"7":{"start":{"line":21,"column":40},"end":{"line":21,"column":52}},"8":{"start":{"line":24,"column":4},"end":{"line":26,"column":10}},"9":{"start":{"line":25,"column":8},"end":{"line":25,"column":27}},"10":{"start":{"line":28,"column":29},"end":{"line":31,"column":5}},"11":{"start":{"line":29,"column":8},"end":{"line":29,"column":25}},"12":{"start":{"line":30,"column":8},"end":{"line":30,"column":20}},"13":{"start":{"line":33,"column":37},"end":{"line":39,"column":5}},"14":{"start":{"line":34,"column":8},"end":{"line":37,"column":9}},"15":{"start":{"line":35,"column":24},"end":{"line":35,"column":52}},"16":{"start":{"line":36,"column":12},"end":{"line":36,"column":37}},"17":{"start":{"line":38,"column":8},"end":{"line":38,"column":25}},"18":{"start":{"line":40,"column":24},"end":{"line":40,"column":66}},"19":{"start":{"line":42,"column":4},"end":{"line":65,"column":6}}},"fnMap":{"0":{"name":"(anonymous_0)","decl":{"start":{"line":14,"column":17},"end":{"line":14,"column":18}},"loc":{"start":{"line":14,"column":23},"end":{"line":66,"column":1}},"line":14},"1":{"name":"(anonymous_1)","decl":{"start":{"line":24,"column":14},"end":{"line":24,"column":15}},"loc":{"start":{"line":24,"column":20},"end":{"line":26,"column":5}},"line":24},"2":{"name":"(anonymous_2)","decl":{"start":{"line":28,"column":29},"end":{"line":28,"column":30}},"loc":{"start":{"line":28,"column":35},"end":{"line":31,"column":5}},"line":28},"3":{"name":"(anonymous_3)","decl":{"start":{"line":33,"column":37},"end":{"line":33,"column":38}},"loc":{"start":{"line":33,"column":49},"end":{"line":39,"column":5}},"line":33}},"branchMap":{"0":{"loc":{"start":{"line":34,"column":8},"end":{"line":37,"column":9}},"type":"if","locations":[{"start":{"line":34,"column":8},"end":{"line":37,"column":9}},{"start":{"line":34,"column":8},"end":{"line":37,"column":9}}],"line":34},"1":{"loc":{"start":{"line":40,"column":24},"end":{"line":40,"column":66}},"type":"cond-expr","locations":[{"start":{"line":40,"column":44},"end":{"line":40,"column":54}},{"start":{"line":40,"column":57},"end":{"line":40,"column":66}}],"line":40}},"s":{"0":0,"1":0,"2":0,"3":0,"4":0,"5":0,"6":0,"7":0,"8":0,"9":0,"10":0,"11":0,"12":0,"13":0,"14":0,"15":0,"16":0,"17":0,"18":0,"19":0},"f":{"0":0,"1":0,"2":0,"3":0},"b":{"0":[0,0],"1":[0,0]}}
,"C:\\Users\\vsarv\\Desktop\\project\\client\\src\\rdx\\store.js": {"path":"C:\\Users\\vsarv\\Desktop\\project\\client\\src\\rdx\\store.js","statementMap":{"0":{"start":{"line":6,"column":20},"end":{"line":9,"column":2}},"1":{"start":{"line":10,"column":14},"end":{"line":10,"column":63}}},"fnMap":{},"branchMap":{},"s":{"0":0,"1":0},"f":{},"b":{}}
,"C:\\Users\\vsarv\\Desktop\\project\\client\\src\\rdx\\RoomModule\\actions.js": {"path":"C:\\Users\\vsarv\\Desktop\\project\\client\\src\\rdx\\RoomModule\\actions.js","statementMap":{"0":{"start":{"line":3,"column":30},"end":{"line":6,"column":2}},"1":{"start":{"line":3,"column":44},"end":{"line":6,"column":1}},"2":{"start":{"line":8,"column":36},"end":{"line":11,"column":2}},"3":{"start":{"line":8,"column":50},"end":{"line":11,"column":1}},"4":{"start":{"line":13,"column":35},"end":{"line":16,"column":2}},"5":{"start":{"line":13,"column":49},"end":{"line":16,"column":1}},"6":{"start":{"line":18,"column":35},"end":{"line":21,"column":2}},"7":{"start":{"line":18,"column":49},"end":{"line":21,"column":1}}},"fnMap":{"0":{"name":"(anonymous_0)","decl":{"start":{"line":3,"column":30},"end":{"line":3,"column":31}},"loc":{"start":{"line":3,"column":44},"end":{"line":6,"column":1}},"line":3},"1":{"name":"(anonymous_1)","decl":{"start":{"line":8,"column":36},"end":{"line":8,"column":37}},"loc":{"start":{"line":8,"column":50},"end":{"line":11,"column":1}},"line":8},"2":{"name":"(anonymous_2)","decl":{"start":{"line":13,"column":35},"end":{"line":13,"column":36}},"loc":{"start":{"line":13,"column":49},"end":{"line":16,"column":1}},"line":13},"3":{"name":"(anonymous_3)","decl":{"start":{"line":18,"column":35},"end":{"line":18,"column":36}},"loc":{"start":{"line":18,"column":49},"end":{"line":21,"column":1}},"line":18}},"branchMap":{},"s":{"0":0,"1":0,"2":0,"3":0,"4":0,"5":0,"6":0,"7":0},"f":{"0":0,"1":0,"2":0,"3":0},"b":{}}
,"C:\\Users\\vsarv\\Desktop\\project\\client\\src\\rdx\\RoomModule\\reducer.js": {"path":"C:\\Users\\vsarv\\Desktop\\project\\client\\src\\rdx\\RoomModule\\reducer.js","statementMap":{"0":{"start":{"line":3,"column":21},"end":{"line":6,"column":1}},"1":{"start":{"line":8,"column":27},"end":{"line":30,"column":1}},"2":{"start":{"line":9,"column":4},"end":{"line":28,"column":5}},"3":{"start":{"line":11,"column":12},"end":{"line":11,"column":48}},"4":{"start":{"line":14,"column":12},"end":{"line":14,"column":88}},"5":{"start":{"line":17,"column":12},"end":{"line":17,"column":114}},"6":{"start":{"line":17,"column":82},"end":{"line":17,"column":112}},"7":{"start":{"line":20,"column":35},"end":{"line":23,"column":21}},"8":{"start":{"line":20,"column":68},"end":{"line":23,"column":20}},"9":{"start":{"line":24,"column":12},"end":{"line":24,"column":45}},"10":{"start":{"line":27,"column":12},"end":{"line":27,"column":29}}},"fnMap":{"0":{"name":"(anonymous_0)","decl":{"start":{"line":8,"column":27},"end":{"line":8,"column":28}},"loc":{"start":{"line":8,"column":61},"end":{"line":30,"column":1}},"line":8},"1":{"name":"(anonymous_1)","decl":{"start":{"line":17,"column":74},"end":{"line":17,"column":75}},"loc":{"start":{"line":17,"column":82},"end":{"line":17,"column":112}},"line":17},"2":{"name":"(anonymous_2)","decl":{"start":{"line":20,"column":60},"end":{"line":20,"column":61}},"loc":{"start":{"line":20,"column":68},"end":{"line":23,"column":20}},"line":20}},"branchMap":{"0":{"loc":{"start":{"line":8,"column":28},"end":{"line":8,"column":48}},"type":"default-arg","locations":[{"start":{"line":8,"column":36},"end":{"line":8,"column":48}}],"line":8},"1":{"loc":{"start":{"line":9,"column":4},"end":{"line":28,"column":5}},"type":"switch","locations":[{"start":{"line":10,"column":8},"end":{"line":12,"column":9}},{"start":{"line":13,"column":8},"end":{"line":15,"column":9}},{"start":{"line":16,"column":8},"end":{"line":18,"column":9}},{"start":{"line":19,"column":8},"end":{"line":25,"column":9}},{"start":{"line":26,"column":8},"end":{"line":27,"column":29}}],"line":9},"2":{"loc":{"start":{"line":20,"column":68},"end":{"line":23,"column":20}},"type":"cond-expr","locations":[{"start":{"line":20,"column":101},"end":{"line":23,"column":13}},{"start":{"line":23,"column":16},"end":{"line":23,"column":20}}],"line":20}},"s":{"0":0,"1":0,"2":0,"3":0,"4":0,"5":0,"6":0,"7":0,"8":0,"9":0,"10":0},"f":{"0":0,"1":0,"2":0},"b":{"0":[0],"1":[0,0,0,0,0],"2":[0,0]}}
,"C:\\Users\\vsarv\\Desktop\\project\\client\\src\\rdx\\RoomModule\\type.js": {"path":"C:\\Users\\vsarv\\Desktop\\project\\client\\src\\rdx\\RoomModule\\type.js","statementMap":{"0":{"start":{"line":1,"column":27},"end":{"line":1,"column":45}},"1":{"start":{"line":2,"column":38},"end":{"line":2,"column":67}},"2":{"start":{"line":3,"column":30},"end":{"line":3,"column":51}},"3":{"start":{"line":4,"column":30},"end":{"line":4,"column":51}}},"fnMap":{},"branchMap":{},"s":{"0":0,"1":0,"2":0,"3":0},"f":{},"b":{}}
,"C:\\Users\\vsarv\\Desktop\\project\\client\\src\\rdx\\UserModule\\actions.js": {"path":"C:\\Users\\vsarv\\Desktop\\project\\client\\src\\rdx\\UserModule\\actions.js","statementMap":{"0":{"start":{"line":3,"column":27},"end":{"line":6,"column":2}},"1":{"start":{"line":3,"column":41},"end":{"line":6,"column":1}},"2":{"start":{"line":7,"column":27},"end":{"line":9,"column":2}},"3":{"start":{"line":7,"column":39},"end":{"line":9,"column":1}},"4":{"start":{"line":10,"column":27},"end":{"line":13,"column":2}},"5":{"start":{"line":10,"column":41},"end":{"line":13,"column":1}}},"fnMap":{"0":{"name":"(anonymous_0)","decl":{"start":{"line":3,"column":27},"end":{"line":3,"column":28}},"loc":{"start":{"line":3,"column":41},"end":{"line":6,"column":1}},"line":3},"1":{"name":"(anonymous_1)","decl":{"start":{"line":7,"column":27},"end":{"line":7,"column":28}},"loc":{"start":{"line":7,"column":39},"end":{"line":9,"column":1}},"line":7},"2":{"name":"(anonymous_2)","decl":{"start":{"line":10,"column":27},"end":{"line":10,"column":28}},"loc":{"start":{"line":10,"column":41},"end":{"line":13,"column":1}},"line":10}},"branchMap":{},"s":{"0":0,"1":0,"2":0,"3":0,"4":0,"5":0},"f":{"0":0,"1":0,"2":0},"b":{}}
,"C:\\Users\\vsarv\\Desktop\\project\\client\\src\\rdx\\UserModule\\reducer.js": {"path":"C:\\Users\\vsarv\\Desktop\\project\\client\\src\\rdx\\UserModule\\reducer.js","statementMap":{"0":{"start":{"line":3,"column":21},"end":{"line":10,"column":1}},"1":{"start":{"line":12,"column":27},"end":{"line":27,"column":1}},"2":{"start":{"line":13,"column":1},"end":{"line":25,"column":2}},"3":{"start":{"line":15,"column":3},"end":{"line":15,"column":39}},"4":{"start":{"line":18,"column":3},"end":{"line":18,"column":39}},"5":{"start":{"line":21,"column":3},"end":{"line":21,"column":27}},"6":{"start":{"line":24,"column":3},"end":{"line":24,"column":20}}},"fnMap":{"0":{"name":"(anonymous_0)","decl":{"start":{"line":12,"column":27},"end":{"line":12,"column":28}},"loc":{"start":{"line":12,"column":61},"end":{"line":27,"column":1}},"line":12}},"branchMap":{"0":{"loc":{"start":{"line":12,"column":28},"end":{"line":12,"column":48}},"type":"default-arg","locations":[{"start":{"line":12,"column":36},"end":{"line":12,"column":48}}],"line":12},"1":{"loc":{"start":{"line":13,"column":1},"end":{"line":25,"column":2}},"type":"switch","locations":[{"start":{"line":14,"column":2},"end":{"line":16,"column":3}},{"start":{"line":17,"column":2},"end":{"line":19,"column":3}},{"start":{"line":20,"column":2},"end":{"line":22,"column":3}},{"start":{"line":23,"column":2},"end":{"line":24,"column":20}}],"line":13}},"s":{"0":0,"1":0,"2":0,"3":0,"4":0,"5":0,"6":0},"f":{"0":0},"b":{"0":[0],"1":[0,0,0,0]}}
,"C:\\Users\\vsarv\\Desktop\\project\\client\\src\\rdx\\UserModule\\type.js": {"path":"C:\\Users\\vsarv\\Desktop\\project\\client\\src\\rdx\\UserModule\\type.js","statementMap":{"0":{"start":{"line":1,"column":22},"end":{"line":1,"column":35}},"1":{"start":{"line":2,"column":23},"end":{"line":2,"column":37}},"2":{"start":{"line":3,"column":28},"end":{"line":3,"column":47}}},"fnMap":{},"branchMap":{},"s":{"0":0,"1":0,"2":0},"f":{},"b":{}}
,"C:\\Users\\vsarv\\Desktop\\project\\client\\src\\routes\\useRoutes.js": {"path":"C:\\Users\\vsarv\\Desktop\\project\\client\\src\\routes\\useRoutes.js","statementMap":{"0":{"start":{"line":6,"column":25},"end":{"line":21,"column":1}},"1":{"start":{"line":7,"column":1},"end":{"line":15,"column":2}},"2":{"start":{"line":8,"column":2},"end":{"line":14,"column":3}},"3":{"start":{"line":16,"column":1},"end":{"line":19,"column":10}}},"fnMap":{"0":{"name":"(anonymous_0)","decl":{"start":{"line":6,"column":25},"end":{"line":6,"column":26}},"loc":{"start":{"line":6,"column":36},"end":{"line":21,"column":1}},"line":6}},"branchMap":{"0":{"loc":{"start":{"line":7,"column":1},"end":{"line":15,"column":2}},"type":"if","locations":[{"start":{"line":7,"column":1},"end":{"line":15,"column":2}},{"start":{"line":7,"column":1},"end":{"line":15,"column":2}}],"line":7}},"s":{"0":0,"1":0,"2":0,"3":0},"f":{"0":0},"b":{"0":[0,0]}}
}
